<?xml version="1.0" encoding="UTF-8"?>
<!-- Generated by org.testng.reporters.JUnitReportReporter -->
<testsuite hostname="DESKTOP-804QMC6" failures="0" tests="1" name="TestCases.OrderPageTest" time="59.008" errors="0" timestamp="2022-07-08T21:38:36 IST" skipped="0">
  <testcase classname="TestCases.OrderPageTest" name="verifyOrderPage" time="59.008"/>
  <system-out/>
</testsuite> <!-- TestCases.OrderPageTest -->
