<?xml version="1.0" encoding="UTF-8"?>
<!-- Generated by org.testng.reporters.JUnitReportReporter -->
<testsuite hostname="DESKTOP-804QMC6" failures="0" tests="5" name="TestngKeywords.TimeoutKeyword" time="61.852" errors="1" timestamp="2022-07-09T09:37:56 IST" skipped="0">
  <testcase classname="TestngKeywords.TimeoutKeyword" name="verifykiteLogoTest" time="11.322"/>
  <system-out/>
  <testcase classname="TestngKeywords.TimeoutKeyword" name="verifyappsLogoTest" time="11.300"/>
  <system-out/>
  <testcase classname="TestngKeywords.TimeoutKeyword" name="verifyuserLog" time="17.102">
    <error message="Method TestngKeywords.TimeoutKeyword.verifyuserLog() didn&#039;t finish within the time-out 1000" type="org.testng.internal.thread.ThreadTimeoutException">
      <![CDATA[org.testng.internal.thread.ThreadTimeoutException: Method TestngKeywords.TimeoutKeyword.verifyuserLog() didn't finish within the time-out 1000
at java.base@17.0.2/java.lang.Thread.sleep(Native Method)
at app//Pages.LogInPage.userLog(LogInPage.java:59)
at app//TestngKeywords.TimeoutKeyword.verifyuserLog(TimeoutKeyword.java:55)
at java.base@17.0.2/jdk.internal.reflect.NativeMethodAccessorImpl.invoke0(Native Method)
at java.base@17.0.2/jdk.internal.reflect.NativeMethodAccessorImpl.invoke(NativeMethodAccessorImpl.java:77)
at java.base@17.0.2/jdk.internal.reflect.DelegatingMethodAccessorImpl.invoke(DelegatingMethodAccessorImpl.java:43)
at java.base@17.0.2/java.lang.reflect.Method.invoke(Method.java:568)
at app//org.testng.internal.invokers.MethodInvocationHelper.invokeMethod(MethodInvocationHelper.java:139)
at app//org.testng.internal.invokers.InvokeMethodRunnable.runOne(InvokeMethodRunnable.java:47)
at app//org.testng.internal.invokers.InvokeMethodRunnable.call(InvokeMethodRunnable.java:76)
at app//org.testng.internal.invokers.InvokeMethodRunnable.call(InvokeMethodRunnable.java:11)
at java.base@17.0.2/java.util.concurrent.FutureTask.run(FutureTask.java:264)
at java.base@17.0.2/java.util.concurrent.ThreadPoolExecutor.runWorker(ThreadPoolExecutor.java:1136)
at java.base@17.0.2/java.util.concurrent.ThreadPoolExecutor$Worker.run(ThreadPoolExecutor.java:635)
at java.base@17.0.2/java.lang.Thread.run(Thread.java:833)
]]>
    </error>
  </testcase> <!-- verifyuserLog -->
  <system-out/>
  <testcase classname="TestngKeywords.TimeoutKeyword" name="verifyTitle" time="11.329"/>
  <system-out/>
  <testcase classname="TestngKeywords.TimeoutKeyword" name="verifyzerodhaLogoTest" time="10.799"/>
  <system-out/>
</testsuite> <!-- TestngKeywords.TimeoutKeyword -->
