<?xml version="1.0" encoding="UTF-8"?>
<!-- Generated by org.testng.reporters.JUnitReportReporter -->
<testsuite hostname="DESKTOP-804QMC6" failures="0" tests="2" name="TestngKeywords.EnabledKeyword" time="41.982" errors="0" timestamp="2022-07-09T09:28:08 IST" skipped="1">
  <testcase classname="TestngKeywords.EnabledKeyword" name="verfiyaccountLogout" time="41.982"/>
  <system-out/>
  <testcase classname="TestngKeywords.EnabledKeyword" name="verifypageLogo">
    <skipped/>
  </testcase> <!-- verifypageLogo -->
  <system-out/>
</testsuite> <!-- TestngKeywords.EnabledKeyword -->
