<?xml version="1.0" encoding="UTF-8"?>
<!-- Generated by org.testng.reporters.JUnitReportReporter -->
<testsuite hostname="DESKTOP-804QMC6" failures="0" tests="1" name="TestngKeywords.GroupKeyword" time="26.587" errors="0" timestamp="2022-07-09T11:53:04 IST" skipped="0">
  <testcase classname="TestngKeywords.GroupKeyword" name="verifyuserLog" time="26.587"/>
  <system-out/>
</testsuite> <!-- TestngKeywords.GroupKeyword -->
