<?xml version="1.0" encoding="UTF-8"?>
<!-- Generated by org.testng.reporters.JUnitReportReporter -->
<testsuite hostname="DESKTOP-804QMC6" failures="0" tests="3" name="TestCases.ParallelTesting" time="70.781" errors="0" timestamp="2022-07-09T12:44:39 IST" skipped="0">
  <testcase classname="TestCases.ParallelTesting" name="openZerodha" time="30.297"/>
  <system-out/>
  <testcase classname="TestCases.ParallelTesting" name="openUpstox" time="27.771"/>
  <system-out/>
  <testcase classname="TestCases.ParallelTesting" name="openGroww" time="12.713"/>
  <system-out/>
</testsuite> <!-- TestCases.ParallelTesting -->
