<?xml version="1.0" encoding="UTF-8"?>
<!-- Generated by org.testng.reporters.JUnitReportReporter -->
<testsuite hostname="DESKTOP-804QMC6" failures="0" tests="9" name="TestngKeywords.InvocationKeyword" time="95.270" errors="0" timestamp="2022-07-09T09:34:06 IST" skipped="1">
  <testcase classname="TestngKeywords.InvocationKeyword" name="verifyTitle" time="11.424"/>
  <system-out/>
  <testcase classname="TestngKeywords.InvocationKeyword" name="verifyzerodhaLogoTest" time="12.158"/>
  <system-out/>
  <testcase classname="TestngKeywords.InvocationKeyword" name="verifyzerodhaLogoTest" time="9.236"/>
  <system-out/>
  <testcase classname="TestngKeywords.InvocationKeyword" name="verifyTitle" time="15.850"/>
  <system-out/>
  <testcase classname="TestngKeywords.InvocationKeyword" name="verifyappsLogoTest" time="11.679"/>
  <system-out/>
  <testcase classname="TestngKeywords.InvocationKeyword" name="verifyappsLogoTest" time="9.825"/>
  <system-out/>
  <testcase classname="TestngKeywords.InvocationKeyword" name="verifykiteLogoTest" time="13.828"/>
  <system-out/>
  <testcase classname="TestngKeywords.InvocationKeyword" name="verifykiteLogoTest" time="11.270"/>
  <system-out/>
  <testcase classname="TestngKeywords.InvocationKeyword" name="verifyuserLog">
    <skipped/>
  </testcase> <!-- verifyuserLog -->
  <system-out/>
</testsuite> <!-- TestngKeywords.InvocationKeyword -->
