<?xml version="1.0" encoding="UTF-8"?>
<!-- Generated by org.testng.reporters.JUnitReportReporter -->
<testsuite hostname="DESKTOP-804QMC6" failures="0" tests="2" name="TestCases.LogoutPageTest" time="67.779" errors="0" timestamp="2022-07-08T22:32:17 IST" skipped="0">
  <testcase classname="TestCases.LogoutPageTest" name="verfiyaccountLogout" time="43.368"/>
  <system-out/>
  <testcase classname="TestCases.LogoutPageTest" name="verifypageLogo" time="24.411"/>
  <system-out/>
</testsuite> <!-- TestCases.LogoutPageTest -->
